<?xml version="1.0" encoding="UTF-8"?>
<testsuite xmlns:xsi="http://www.w3.org/2001/XMLSchema-instance" xsi:noNamespaceSchemaLocation="https://maven.apache.org/surefire/maven-surefire-plugin/xsd/surefire-test-report-3.0.xsd" version="3.0" name="TestSuite" time="42.588" tests="1" errors="0" skipped="0" failures="1">
  <properties>
    <property name="gopherProxySet" value="false"/>
    <property name="awt.toolkit" value="sun.lwawt.macosx.LWCToolkit"/>
    <property name="java.specification.version" value="11"/>
    <property name="webdriver.chrome.driver" value="/Users/kenilfadia/.cache/selenium/chromedriver/mac64/101.0.4951.41/chromedriver"/>
    <property name="sun.cpu.isalist" value=""/>
    <property name="sun.jnu.encoding" value="UTF-8"/>
    <property name="sun.awt.enableExtraMouseButtons" value="true"/>
    <property name="java.class.path" value="/Users/kenilfadia/Git/amazon-assignment/target/test-classes:/Users/kenilfadia/Git/amazon-assignment/target/classes:/Users/kenilfadia/.m2/repository/com/googlecode/json-simple/json-simple/1.1.1/json-simple-1.1.1.jar:/Users/kenilfadia/.m2/repository/junit/junit/4.10/junit-4.10.jar:/Users/kenilfadia/.m2/repository/org/apache/pdfbox/pdfbox/2.0.20/pdfbox-2.0.20.jar:/Users/kenilfadia/.m2/repository/org/apache/pdfbox/fontbox/2.0.20/fontbox-2.0.20.jar:/Users/kenilfadia/.m2/repository/commons-logging/commons-logging/1.2/commons-logging-1.2.jar:/Users/kenilfadia/.m2/repository/org/seleniumhq/selenium/selenium-java/4.1.0/selenium-java-4.1.0.jar:/Users/kenilfadia/.m2/repository/org/seleniumhq/selenium/selenium-api/4.1.0/selenium-api-4.1.0.jar:/Users/kenilfadia/.m2/repository/org/seleniumhq/selenium/selenium-chrome-driver/4.1.0/selenium-chrome-driver-4.1.0.jar:/Users/kenilfadia/.m2/repository/com/google/auto/service/auto-service-annotations/1.0.1/auto-service-annotations-1.0.1.jar:/Users/kenilfadia/.m2/repository/com/google/auto/service/auto-service/1.0.1/auto-service-1.0.1.jar:/Users/kenilfadia/.m2/repository/com/google/auto/auto-common/1.2/auto-common-1.2.jar:/Users/kenilfadia/.m2/repository/org/seleniumhq/selenium/selenium-chromium-driver/4.1.0/selenium-chromium-driver-4.1.0.jar:/Users/kenilfadia/.m2/repository/org/seleniumhq/selenium/selenium-json/4.1.0/selenium-json-4.1.0.jar:/Users/kenilfadia/.m2/repository/org/seleniumhq/selenium/selenium-devtools-v85/4.1.0/selenium-devtools-v85-4.1.0.jar:/Users/kenilfadia/.m2/repository/org/seleniumhq/selenium/selenium-devtools-v94/4.1.0/selenium-devtools-v94-4.1.0.jar:/Users/kenilfadia/.m2/repository/org/seleniumhq/selenium/selenium-devtools-v95/4.1.0/selenium-devtools-v95-4.1.0.jar:/Users/kenilfadia/.m2/repository/org/seleniumhq/selenium/selenium-devtools-v96/4.1.0/selenium-devtools-v96-4.1.0.jar:/Users/kenilfadia/.m2/repository/org/seleniumhq/selenium/selenium-edge-driver/4.1.0/selenium-edge-driver-4.1.0.jar:/Users/kenilfadia/.m2/repository/org/seleniumhq/selenium/selenium-firefox-driver/4.1.0/selenium-firefox-driver-4.1.0.jar:/Users/kenilfadia/.m2/repository/org/seleniumhq/selenium/selenium-firefox-xpi-driver/4.1.0/selenium-firefox-xpi-driver-4.1.0.jar:/Users/kenilfadia/.m2/repository/org/seleniumhq/selenium/selenium-ie-driver/4.1.0/selenium-ie-driver-4.1.0.jar:/Users/kenilfadia/.m2/repository/org/seleniumhq/selenium/selenium-opera-driver/4.1.0/selenium-opera-driver-4.1.0.jar:/Users/kenilfadia/.m2/repository/org/seleniumhq/selenium/selenium-remote-driver/4.1.0/selenium-remote-driver-4.1.0.jar:/Users/kenilfadia/.m2/repository/io/netty/netty-buffer/4.1.69.Final/netty-buffer-4.1.69.Final.jar:/Users/kenilfadia/.m2/repository/io/netty/netty-codec-http/4.1.69.Final/netty-codec-http-4.1.69.Final.jar:/Users/kenilfadia/.m2/repository/io/netty/netty-codec/4.1.69.Final/netty-codec-4.1.69.Final.jar:/Users/kenilfadia/.m2/repository/io/netty/netty-handler/4.1.69.Final/netty-handler-4.1.69.Final.jar:/Users/kenilfadia/.m2/repository/io/netty/netty-common/4.1.69.Final/netty-common-4.1.69.Final.jar:/Users/kenilfadia/.m2/repository/io/netty/netty-transport-native-epoll/4.1.69.Final/netty-transport-native-epoll-4.1.69.Final.jar:/Users/kenilfadia/.m2/repository/io/netty/netty-transport-native-kqueue/4.1.69.Final/netty-transport-native-kqueue-4.1.69.Final.jar:/Users/kenilfadia/.m2/repository/io/netty/netty-transport-native-unix-common/4.1.69.Final/netty-transport-native-unix-common-4.1.69.Final.jar:/Users/kenilfadia/.m2/repository/io/netty/netty-transport/4.1.69.Final/netty-transport-4.1.69.Final.jar:/Users/kenilfadia/.m2/repository/io/netty/netty-resolver/4.1.69.Final/netty-resolver-4.1.69.Final.jar:/Users/kenilfadia/.m2/repository/io/opentelemetry/opentelemetry-api/1.9.0/opentelemetry-api-1.9.0.jar:/Users/kenilfadia/.m2/repository/io/opentelemetry/opentelemetry-context/1.9.0/opentelemetry-context-1.9.0.jar:/Users/kenilfadia/.m2/repository/io/opentelemetry/opentelemetry-exporter-logging/1.9.0/opentelemetry-exporter-logging-1.9.0.jar:/Users/kenilfadia/.m2/repository/io/opentelemetry/opentelemetry-sdk-metrics/1.9.0-alpha/opentelemetry-sdk-metrics-1.9.0-alpha.jar:/Users/kenilfadia/.m2/repository/io/opentelemetry/opentelemetry-sdk-logs/1.9.0-alpha/opentelemetry-sdk-logs-1.9.0-alpha.jar:/Users/kenilfadia/.m2/repository/io/opentelemetry/opentelemetry-sdk-common/1.9.0/opentelemetry-sdk-common-1.9.0.jar:/Users/kenilfadia/.m2/repository/io/opentelemetry/opentelemetry-sdk-extension-autoconfigure-spi/1.9.0/opentelemetry-sdk-extension-autoconfigure-spi-1.9.0.jar:/Users/kenilfadia/.m2/repository/io/opentelemetry/opentelemetry-sdk-extension-autoconfigure/1.9.0-alpha/opentelemetry-sdk-extension-autoconfigure-1.9.0-alpha.jar:/Users/kenilfadia/.m2/repository/io/opentelemetry/opentelemetry-sdk-trace/1.9.0/opentelemetry-sdk-trace-1.9.0.jar:/Users/kenilfadia/.m2/repository/io/opentelemetry/opentelemetry-api-metrics/1.9.0-alpha/opentelemetry-api-metrics-1.9.0-alpha.jar:/Users/kenilfadia/.m2/repository/io/opentelemetry/opentelemetry-sdk/1.9.0/opentelemetry-sdk-1.9.0.jar:/Users/kenilfadia/.m2/repository/io/opentelemetry/opentelemetry-semconv/1.9.0-alpha/opentelemetry-semconv-1.9.0-alpha.jar:/Users/kenilfadia/.m2/repository/io/ous/jtoml/2.0.0/jtoml-2.0.0.jar:/Users/kenilfadia/.m2/repository/net/bytebuddy/byte-buddy/1.12.1/byte-buddy-1.12.1.jar:/Users/kenilfadia/.m2/repository/org/asynchttpclient/async-http-client/2.12.3/async-http-client-2.12.3.jar:/Users/kenilfadia/.m2/repository/org/asynchttpclient/async-http-client-netty-utils/2.12.3/async-http-client-netty-utils-2.12.3.jar:/Users/kenilfadia/.m2/repository/io/netty/netty-codec-socks/4.1.60.Final/netty-codec-socks-4.1.60.Final.jar:/Users/kenilfadia/.m2/repository/io/netty/netty-handler-proxy/4.1.60.Final/netty-handler-proxy-4.1.60.Final.jar:/Users/kenilfadia/.m2/repository/io/netty/netty-transport-native-epoll/4.1.60.Final/netty-transport-native-epoll-4.1.60.Final-linux-x86_64.jar:/Users/kenilfadia/.m2/repository/io/netty/netty-transport-native-kqueue/4.1.60.Final/netty-transport-native-kqueue-4.1.60.Final-osx-x86_64.jar:/Users/kenilfadia/.m2/repository/org/reactivestreams/reactive-streams/1.0.3/reactive-streams-1.0.3.jar:/Users/kenilfadia/.m2/repository/com/typesafe/netty/netty-reactive-streams/2.0.4/netty-reactive-streams-2.0.4.jar:/Users/kenilfadia/.m2/repository/com/sun/activation/jakarta.activation/1.2.2/jakarta.activation-1.2.2.jar:/Users/kenilfadia/.m2/repository/org/seleniumhq/selenium/selenium-http/4.1.0/selenium-http-4.1.0.jar:/Users/kenilfadia/.m2/repository/net/jodah/failsafe/2.4.4/failsafe-2.4.4.jar:/Users/kenilfadia/.m2/repository/org/seleniumhq/selenium/selenium-safari-driver/4.1.0/selenium-safari-driver-4.1.0.jar:/Users/kenilfadia/.m2/repository/org/seleniumhq/selenium/selenium-support/4.1.0/selenium-support-4.1.0.jar:/Users/kenilfadia/.m2/repository/org/ini4j/ini4j/0.5.4/ini4j-0.5.4.jar:/Users/kenilfadia/.m2/repository/commons-io/commons-io/2.6/commons-io-2.6.jar:/Users/kenilfadia/.m2/repository/org/apache/commons/commons-lang3/3.1/commons-lang3-3.1.jar:/Users/kenilfadia/.m2/repository/com/google/zxing/javase/3.3.0/javase-3.3.0.jar:/Users/kenilfadia/.m2/repository/com/google/zxing/core/3.3.0/core-3.3.0.jar:/Users/kenilfadia/.m2/repository/com/beust/jcommander/1.48/jcommander-1.48.jar:/Users/kenilfadia/.m2/repository/com/github/jai-imageio/jai-imageio-core/1.3.1/jai-imageio-core-1.3.1.jar:/Users/kenilfadia/.m2/repository/de/taimos/totp/1.0/totp-1.0.jar:/Users/kenilfadia/.m2/repository/com/sun/mail/javax.mail/1.6.2/javax.mail-1.6.2.jar:/Users/kenilfadia/.m2/repository/javax/activation/activation/1.1/activation-1.1.jar:/Users/kenilfadia/.m2/repository/org/apache/poi/poi-ooxml/5.2.2/poi-ooxml-5.2.2.jar:/Users/kenilfadia/.m2/repository/org/apache/poi/poi/5.2.2/poi-5.2.2.jar:/Users/kenilfadia/.m2/repository/org/apache/commons/commons-math3/3.6.1/commons-math3-3.6.1.jar:/Users/kenilfadia/.m2/repository/com/zaxxer/SparseBitSet/1.2/SparseBitSet-1.2.jar:/Users/kenilfadia/.m2/repository/org/apache/poi/poi-ooxml-lite/5.2.2/poi-ooxml-lite-5.2.2.jar:/Users/kenilfadia/.m2/repository/org/apache/xmlbeans/xmlbeans/5.0.3/xmlbeans-5.0.3.jar:/Users/kenilfadia/.m2/repository/org/apache/commons/commons-compress/1.21/commons-compress-1.21.jar:/Users/kenilfadia/.m2/repository/com/github/virtuald/curvesapi/1.07/curvesapi-1.07.jar:/Users/kenilfadia/.m2/repository/org/apache/logging/log4j/log4j-api/2.17.2/log4j-api-2.17.2.jar:/Users/kenilfadia/.m2/repository/org/apache/commons/commons-collections4/4.4/commons-collections4-4.4.jar:/Users/kenilfadia/.m2/repository/commons-codec/commons-codec/1.10/commons-codec-1.10.jar:/Users/kenilfadia/.m2/repository/org/assertj/assertj-core/3.19.0/assertj-core-3.19.0.jar:/Users/kenilfadia/.m2/repository/net/sourceforge/jexcelapi/jxl/2.6.12/jxl-2.6.12.jar:/Users/kenilfadia/.m2/repository/log4j/log4j/1.2.14/log4j-1.2.14.jar:/Users/kenilfadia/.m2/repository/org/jsoup/jsoup/1.13.1/jsoup-1.13.1.jar:/Users/kenilfadia/.m2/repository/org/slf4j/slf4j-log4j12/1.7.26/slf4j-log4j12-1.7.26.jar:/Users/kenilfadia/.m2/repository/org/slf4j/slf4j-api/1.7.26/slf4j-api-1.7.26.jar:/Users/kenilfadia/.m2/repository/io/github/bonigarcia/webdrivermanager/5.0.3/webdrivermanager-5.0.3.jar:/Users/kenilfadia/.m2/repository/com/google/code/gson/gson/2.8.8/gson-2.8.8.jar:/Users/kenilfadia/.m2/repository/com/github/docker-java/docker-java/3.2.12/docker-java-3.2.12.jar:/Users/kenilfadia/.m2/repository/com/github/docker-java/docker-java-core/3.2.12/docker-java-core-3.2.12.jar:/Users/kenilfadia/.m2/repository/com/github/docker-java/docker-java-api/3.2.12/docker-java-api-3.2.12.jar:/Users/kenilfadia/.m2/repository/commons-lang/commons-lang/2.6/commons-lang-2.6.jar:/Users/kenilfadia/.m2/repository/org/bouncycastle/bcpkix-jdk15on/1.64/bcpkix-jdk15on-1.64.jar:/Users/kenilfadia/.m2/repository/org/bouncycastle/bcprov-jdk15on/1.64/bcprov-jdk15on-1.64.jar:/Users/kenilfadia/.m2/repository/org/slf4j/jcl-over-slf4j/1.7.30/jcl-over-slf4j-1.7.30.jar:/Users/kenilfadia/.m2/repository/com/github/docker-java/docker-java-transport-httpclient5/3.2.12/docker-java-transport-httpclient5-3.2.12.jar:/Users/kenilfadia/.m2/repository/com/github/docker-java/docker-java-transport/3.2.12/docker-java-transport-3.2.12.jar:/Users/kenilfadia/.m2/repository/org/apache/httpcomponents/client5/httpclient5/5.0.3/httpclient5-5.0.3.jar:/Users/kenilfadia/.m2/repository/org/apache/httpcomponents/core5/httpcore5/5.0.2/httpcore5-5.0.2.jar:/Users/kenilfadia/.m2/repository/net/java/dev/jna/jna/5.8.0/jna-5.8.0.jar:/Users/kenilfadia/.m2/repository/com/google/guava/guava/30.1.1-jre/guava-30.1.1-jre.jar:/Users/kenilfadia/.m2/repository/com/google/guava/failureaccess/1.0.1/failureaccess-1.0.1.jar:/Users/kenilfadia/.m2/repository/com/google/guava/listenablefuture/9999.0-empty-to-avoid-conflict-with-guava/listenablefuture-9999.0-empty-to-avoid-conflict-with-guava.jar:/Users/kenilfadia/.m2/repository/org/checkerframework/checker-qual/3.8.0/checker-qual-3.8.0.jar:/Users/kenilfadia/.m2/repository/com/google/errorprone/error_prone_annotations/2.5.1/error_prone_annotations-2.5.1.jar:/Users/kenilfadia/.m2/repository/com/google/j2objc/j2objc-annotations/1.3/j2objc-annotations-1.3.jar:/Users/kenilfadia/.m2/repository/org/brotli/dec/0.1.2/dec-0.1.2.jar:/Users/kenilfadia/.m2/repository/org/projectlombok/lombok/1.18.22/lombok-1.18.22.jar:/Users/kenilfadia/.m2/repository/org/testng/testng/7.5/testng-7.5.jar:/Users/kenilfadia/.m2/repository/com/google/code/findbugs/jsr305/3.0.1/jsr305-3.0.1.jar:/Users/kenilfadia/.m2/repository/org/webjars/jquery/3.5.1/jquery-3.5.1.jar:/Users/kenilfadia/.m2/repository/org/freemarker/freemarker/2.3.31/freemarker-2.3.31.jar:/Users/kenilfadia/.m2/repository/io/rest-assured/rest-assured/4.0.0/rest-assured-4.0.0.jar:/Users/kenilfadia/.m2/repository/org/codehaus/groovy/groovy/2.5.6/groovy-2.5.6.jar:/Users/kenilfadia/.m2/repository/org/codehaus/groovy/groovy-xml/2.5.6/groovy-xml-2.5.6.jar:/Users/kenilfadia/.m2/repository/org/apache/httpcomponents/httpclient/4.5.3/httpclient-4.5.3.jar:/Users/kenilfadia/.m2/repository/org/apache/httpcomponents/httpcore/4.4.6/httpcore-4.4.6.jar:/Users/kenilfadia/.m2/repository/org/apache/httpcomponents/httpmime/4.5.3/httpmime-4.5.3.jar:/Users/kenilfadia/.m2/repository/org/hamcrest/hamcrest-core/2.1/hamcrest-core-2.1.jar:/Users/kenilfadia/.m2/repository/org/hamcrest/hamcrest/2.1/hamcrest-2.1.jar:/Users/kenilfadia/.m2/repository/org/hamcrest/hamcrest-library/2.1/hamcrest-library-2.1.jar:/Users/kenilfadia/.m2/repository/org/ccil/cowan/tagsoup/tagsoup/1.2.1/tagsoup-1.2.1.jar:/Users/kenilfadia/.m2/repository/io/rest-assured/xml-path/4.0.0/xml-path-4.0.0.jar:/Users/kenilfadia/.m2/repository/javax/xml/bind/jaxb-api/2.2.12/jaxb-api-2.2.12.jar:/Users/kenilfadia/.m2/repository/com/sun/xml/bind/jaxb-osgi/2.2.10/jaxb-osgi-2.2.10.jar:/Users/kenilfadia/.m2/repository/org/apache/sling/org.apache.sling.javax.activation/0.1.0/org.apache.sling.javax.activation-0.1.0.jar:/Users/kenilfadia/.m2/repository/io/rest-assured/json-schema-validator/4.0.0/json-schema-validator-4.0.0.jar:/Users/kenilfadia/.m2/repository/com/github/java-json-tools/json-schema-validator/2.2.10/json-schema-validator-2.2.10.jar:/Users/kenilfadia/.m2/repository/com/github/java-json-tools/json-schema-core/1.2.10/json-schema-core-1.2.10.jar:/Users/kenilfadia/.m2/repository/com/github/java-json-tools/jackson-coreutils/1.9/jackson-coreutils-1.9.jar:/Users/kenilfadia/.m2/repository/com/github/fge/msg-simple/1.1/msg-simple-1.1.jar:/Users/kenilfadia/.m2/repository/com/github/fge/btf/1.2/btf-1.2.jar:/Users/kenilfadia/.m2/repository/com/github/fge/uri-template/0.9/uri-template-0.9.jar:/Users/kenilfadia/.m2/repository/org/mozilla/rhino/1.7.7.1/rhino-1.7.7.1.jar:/Users/kenilfadia/.m2/repository/javax/mail/mailapi/1.4.3/mailapi-1.4.3.jar:/Users/kenilfadia/.m2/repository/joda-time/joda-time/2.9.7/joda-time-2.9.7.jar:/Users/kenilfadia/.m2/repository/com/googlecode/libphonenumber/libphonenumber/8.0.0/libphonenumber-8.0.0.jar:/Users/kenilfadia/.m2/repository/net/sf/jopt-simple/jopt-simple/5.0.3/jopt-simple-5.0.3.jar:/Users/kenilfadia/.m2/repository/com/typesafe/config/1.4.2/config-1.4.2.jar:/Users/kenilfadia/.m2/repository/ru/yandex/qatools/ashot/ashot/1.5.4/ashot-1.5.4.jar:/Users/kenilfadia/.m2/repository/io/rest-assured/json-path/4.0.0/json-path-4.0.0.jar:/Users/kenilfadia/.m2/repository/org/codehaus/groovy/groovy-json/2.5.6/groovy-json-2.5.6.jar:/Users/kenilfadia/.m2/repository/io/rest-assured/rest-assured-common/4.0.0/rest-assured-common-4.0.0.jar:/Users/kenilfadia/.m2/repository/io/qameta/allure/allure-rest-assured/2.17.3/allure-rest-assured-2.17.3.jar:/Users/kenilfadia/.m2/repository/io/qameta/allure/allure-attachments/2.17.3/allure-attachments-2.17.3.jar:/Users/kenilfadia/.m2/repository/io/qameta/allure/allure-testng/2.17.3/allure-testng-2.17.3.jar:/Users/kenilfadia/.m2/repository/io/qameta/allure/allure-java-commons/2.17.3/allure-java-commons-2.17.3.jar:/Users/kenilfadia/.m2/repository/io/qameta/allure/allure-model/2.17.3/allure-model-2.17.3.jar:/Users/kenilfadia/.m2/repository/io/qameta/allure/allure-test-filter/2.17.3/allure-test-filter-2.17.3.jar:/Users/kenilfadia/.m2/repository/io/qameta/allure/allure-maven/2.11.2/allure-maven-2.11.2.jar:/Users/kenilfadia/.m2/repository/com/fasterxml/jackson/core/jackson-databind/2.13.0/jackson-databind-2.13.0.jar:/Users/kenilfadia/.m2/repository/com/fasterxml/jackson/core/jackson-annotations/2.13.0/jackson-annotations-2.13.0.jar:/Users/kenilfadia/.m2/repository/com/fasterxml/jackson/core/jackson-core/2.13.0/jackson-core-2.13.0.jar:/Users/kenilfadia/.m2/repository/org/apache/maven/maven-plugin-api/3.8.3/maven-plugin-api-3.8.3.jar:/Users/kenilfadia/.m2/repository/org/codehaus/plexus/plexus-utils/3.3.0/plexus-utils-3.3.0.jar:/Users/kenilfadia/.m2/repository/org/codehaus/plexus/plexus-classworlds/2.6.0/plexus-classworlds-2.6.0.jar:/Users/kenilfadia/.m2/repository/org/apache/maven/maven-core/3.8.3/maven-core-3.8.3.jar:/Users/kenilfadia/.m2/repository/org/apache/maven/maven-model/3.8.3/maven-model-3.8.3.jar:/Users/kenilfadia/.m2/repository/org/apache/maven/maven-settings/3.8.3/maven-settings-3.8.3.jar:/Users/kenilfadia/.m2/repository/org/apache/maven/maven-settings-builder/3.8.3/maven-settings-builder-3.8.3.jar:/Users/kenilfadia/.m2/repository/org/codehaus/plexus/plexus-sec-dispatcher/2.0/plexus-sec-dispatcher-2.0.jar:/Users/kenilfadia/.m2/repository/org/codehaus/plexus/plexus-cipher/2.0/plexus-cipher-2.0.jar:/Users/kenilfadia/.m2/repository/org/apache/maven/maven-builder-support/3.8.3/maven-builder-support-3.8.3.jar:/Users/kenilfadia/.m2/repository/org/apache/maven/maven-repository-metadata/3.8.3/maven-repository-metadata-3.8.3.jar:/Users/kenilfadia/.m2/repository/org/apache/maven/maven-artifact/3.8.3/maven-artifact-3.8.3.jar:/Users/kenilfadia/.m2/repository/org/apache/maven/maven-model-builder/3.8.3/maven-model-builder-3.8.3.jar:/Users/kenilfadia/.m2/repository/org/apache/maven/maven-resolver-provider/3.8.3/maven-resolver-provider-3.8.3.jar:/Users/kenilfadia/.m2/repository/org/apache/maven/resolver/maven-resolver-impl/1.6.3/maven-resolver-impl-1.6.3.jar:/Users/kenilfadia/.m2/repository/org/apache/maven/resolver/maven-resolver-api/1.6.3/maven-resolver-api-1.6.3.jar:/Users/kenilfadia/.m2/repository/org/apache/maven/resolver/maven-resolver-spi/1.6.3/maven-resolver-spi-1.6.3.jar:/Users/kenilfadia/.m2/repository/org/apache/maven/resolver/maven-resolver-util/1.6.3/maven-resolver-util-1.6.3.jar:/Users/kenilfadia/.m2/repository/org/apache/maven/shared/maven-shared-utils/3.3.4/maven-shared-utils-3.3.4.jar:/Users/kenilfadia/.m2/repository/org/eclipse/sisu/org.eclipse.sisu.plexus/0.3.5/org.eclipse.sisu.plexus-0.3.5.jar:/Users/kenilfadia/.m2/repository/javax/annotation/javax.annotation-api/1.2/javax.annotation-api-1.2.jar:/Users/kenilfadia/.m2/repository/org/eclipse/sisu/org.eclipse.sisu.inject/0.3.5/org.eclipse.sisu.inject-0.3.5.jar:/Users/kenilfadia/.m2/repository/com/google/inject/guice/4.2.2/guice-4.2.2-no_aop.jar:/Users/kenilfadia/.m2/repository/aopalliance/aopalliance/1.0/aopalliance-1.0.jar:/Users/kenilfadia/.m2/repository/javax/inject/javax.inject/1/javax.inject-1.jar:/Users/kenilfadia/.m2/repository/org/codehaus/plexus/plexus-interpolation/1.26/plexus-interpolation-1.26.jar:/Users/kenilfadia/.m2/repository/org/codehaus/plexus/plexus-component-annotations/2.1.0/plexus-component-annotations-2.1.0.jar:/Users/kenilfadia/.m2/repository/org/apache/maven/reporting/maven-reporting-impl/3.0.0/maven-reporting-impl-3.0.0.jar:/Users/kenilfadia/.m2/repository/org/apache/maven/reporting/maven-reporting-api/3.0/maven-reporting-api-3.0.jar:/Users/kenilfadia/.m2/repository/org/apache/maven/doxia/doxia-sink-api/1.7/doxia-sink-api-1.7.jar:/Users/kenilfadia/.m2/repository/org/apache/maven/doxia/doxia-logging-api/1.7/doxia-logging-api-1.7.jar:/Users/kenilfadia/.m2/repository/org/apache/maven/doxia/doxia-decoration-model/1.7.4/doxia-decoration-model-1.7.4.jar:/Users/kenilfadia/.m2/repository/org/apache/maven/doxia/doxia-core/1.7/doxia-core-1.7.jar:/Users/kenilfadia/.m2/repository/org/codehaus/plexus/plexus-container-default/1.0-alpha-30/plexus-container-default-1.0-alpha-30.jar:/Users/kenilfadia/.m2/repository/xmlunit/xmlunit/1.5/xmlunit-1.5.jar:/Users/kenilfadia/.m2/repository/org/apache/maven/doxia/doxia-site-renderer/1.7.4/doxia-site-renderer-1.7.4.jar:/Users/kenilfadia/.m2/repository/org/apache/maven/doxia/doxia-skin-model/1.7.4/doxia-skin-model-1.7.4.jar:/Users/kenilfadia/.m2/repository/org/apache/maven/doxia/doxia-module-xhtml/1.7/doxia-module-xhtml-1.7.jar:/Users/kenilfadia/.m2/repository/org/codehaus/plexus/plexus-i18n/1.0-beta-7/plexus-i18n-1.0-beta-7.jar:/Users/kenilfadia/.m2/repository/org/codehaus/plexus/plexus-velocity/1.2/plexus-velocity-1.2.jar:/Users/kenilfadia/.m2/repository/org/apache/velocity/velocity/1.7/velocity-1.7.jar:/Users/kenilfadia/.m2/repository/org/apache/velocity/velocity-tools/2.0/velocity-tools-2.0.jar:/Users/kenilfadia/.m2/repository/commons-digester/commons-digester/1.8/commons-digester-1.8.jar:/Users/kenilfadia/.m2/repository/commons-chain/commons-chain/1.1/commons-chain-1.1.jar:/Users/kenilfadia/.m2/repository/commons-validator/commons-validator/1.3.1/commons-validator-1.3.1.jar:/Users/kenilfadia/.m2/repository/dom4j/dom4j/1.1/dom4j-1.1.jar:/Users/kenilfadia/.m2/repository/oro/oro/2.0.8/oro-2.0.8.jar:/Users/kenilfadia/.m2/repository/sslext/sslext/1.2-0/sslext-1.2-0.jar:/Users/kenilfadia/.m2/repository/org/apache/struts/struts-core/1.3.8/struts-core-1.3.8.jar:/Users/kenilfadia/.m2/repository/antlr/antlr/2.7.2/antlr-2.7.2.jar:/Users/kenilfadia/.m2/repository/org/apache/struts/struts-taglib/1.3.8/struts-taglib-1.3.8.jar:/Users/kenilfadia/.m2/repository/org/apache/struts/struts-tiles/1.3.8/struts-tiles-1.3.8.jar:/Users/kenilfadia/.m2/repository/org/apache/maven/shared/maven-artifact-transfer/0.13.1/maven-artifact-transfer-0.13.1.jar:/Users/kenilfadia/.m2/repository/org/apache/maven/shared/maven-common-artifact-filters/3.1.0/maven-common-artifact-filters-3.1.0.jar:/Users/kenilfadia/.m2/repository/org/sonatype/sisu/sisu-inject-plexus/1.4.2/sisu-inject-plexus-1.4.2.jar:/Users/kenilfadia/.m2/repository/org/sonatype/sisu/sisu-inject-bean/1.4.2/sisu-inject-bean-1.4.2.jar:/Users/kenilfadia/.m2/repository/org/sonatype/sisu/sisu-guice/2.1.7/sisu-guice-2.1.7-noaop.jar:/Users/kenilfadia/.m2/repository/commons-beanutils/commons-beanutils/1.9.4/commons-beanutils-1.9.4.jar:/Users/kenilfadia/.m2/repository/commons-collections/commons-collections/3.2.2/commons-collections-3.2.2.jar:/Users/kenilfadia/.m2/repository/net/lingala/zip4j/zip4j/1.3.2/zip4j-1.3.2.jar:/Users/kenilfadia/.m2/repository/org/apache/commons/commons-exec/1.3/commons-exec-1.3.jar:/Users/kenilfadia/.m2/repository/org/apache/maven/plugin-tools/maven-plugin-annotations/3.6.1/maven-plugin-annotations-3.6.1.jar:/Users/kenilfadia/.m2/repository/org/apache/maven/plugins/maven-jxr-plugin/3.1.1/maven-jxr-plugin-3.1.1.jar:/Users/kenilfadia/.m2/repository/org/apache/maven/maven-jxr/3.1.1/maven-jxr-3.1.1.jar:/Users/kenilfadia/.m2/repository/org/apache/velocity/velocity-engine-core/2.0/velocity-engine-core-2.0.jar:/Users/kenilfadia/.m2/repository/org/apache/maven/wagon/wagon-provider-api/2.4/wagon-provider-api-2.4.jar:/Users/kenilfadia/.m2/repository/org/codehaus/plexus/plexus-java/1.0.6/plexus-java-1.0.6.jar:/Users/kenilfadia/.m2/repository/org/ow2/asm/asm/9.0/asm-9.0.jar:/Users/kenilfadia/.m2/repository/com/thoughtworks/qdox/qdox/2.0.0/qdox-2.0.0.jar:"/>
    <property name="java.vm.vendor" value="Eclipse Adoptium"/>
    <property name="resolution" value="laptop"/>
    <property name="sun.arch.data.model" value="64"/>
    <property name="mode" value="gui"/>
    <property name="sun.font.fontmanager" value="sun.font.CFontManager"/>
    <property name="java.vendor.url" value="https://adoptium.net/"/>
    <property name="user.timezone" value="Asia/Kolkata"/>
    <property name="myBrowser" value="chrome"/>
    <property name="os.name" value="Mac OS X"/>
    <property name="java.vm.specification.version" value="11"/>
    <property name="sun.java.launcher" value="SUN_STANDARD"/>
    <property name="user.country" value="IN"/>
    <property name="sun.boot.library.path" value="/Library/Java/JavaVirtualMachines/temurin-11.jdk/Contents/Home/lib"/>
    <property name="sun.java.command" value="/Users/kenilfadia/Git/amazon-assignment/target/surefire/surefirebooter1117863116552084157.jar /Users/kenilfadia/Git/amazon-assignment/target/surefire 2022-05-23T20-38-44_530-jvmRun1 surefire13615466812422969840tmp surefire_07466377818169820011tmp"/>
    <property name="http.nonProxyHosts" value="local|*.local|169.254/16|*.169.254/16"/>
    <property name="jdk.debug" value="release"/>
    <property name="surefire.test.class.path" value="/Users/kenilfadia/Git/amazon-assignment/target/test-classes:/Users/kenilfadia/Git/amazon-assignment/target/classes:/Users/kenilfadia/.m2/repository/com/googlecode/json-simple/json-simple/1.1.1/json-simple-1.1.1.jar:/Users/kenilfadia/.m2/repository/junit/junit/4.10/junit-4.10.jar:/Users/kenilfadia/.m2/repository/org/apache/pdfbox/pdfbox/2.0.20/pdfbox-2.0.20.jar:/Users/kenilfadia/.m2/repository/org/apache/pdfbox/fontbox/2.0.20/fontbox-2.0.20.jar:/Users/kenilfadia/.m2/repository/commons-logging/commons-logging/1.2/commons-logging-1.2.jar:/Users/kenilfadia/.m2/repository/org/seleniumhq/selenium/selenium-java/4.1.0/selenium-java-4.1.0.jar:/Users/kenilfadia/.m2/repository/org/seleniumhq/selenium/selenium-api/4.1.0/selenium-api-4.1.0.jar:/Users/kenilfadia/.m2/repository/org/seleniumhq/selenium/selenium-chrome-driver/4.1.0/selenium-chrome-driver-4.1.0.jar:/Users/kenilfadia/.m2/repository/com/google/auto/service/auto-service-annotations/1.0.1/auto-service-annotations-1.0.1.jar:/Users/kenilfadia/.m2/repository/com/google/auto/service/auto-service/1.0.1/auto-service-1.0.1.jar:/Users/kenilfadia/.m2/repository/com/google/auto/auto-common/1.2/auto-common-1.2.jar:/Users/kenilfadia/.m2/repository/org/seleniumhq/selenium/selenium-chromium-driver/4.1.0/selenium-chromium-driver-4.1.0.jar:/Users/kenilfadia/.m2/repository/org/seleniumhq/selenium/selenium-json/4.1.0/selenium-json-4.1.0.jar:/Users/kenilfadia/.m2/repository/org/seleniumhq/selenium/selenium-devtools-v85/4.1.0/selenium-devtools-v85-4.1.0.jar:/Users/kenilfadia/.m2/repository/org/seleniumhq/selenium/selenium-devtools-v94/4.1.0/selenium-devtools-v94-4.1.0.jar:/Users/kenilfadia/.m2/repository/org/seleniumhq/selenium/selenium-devtools-v95/4.1.0/selenium-devtools-v95-4.1.0.jar:/Users/kenilfadia/.m2/repository/org/seleniumhq/selenium/selenium-devtools-v96/4.1.0/selenium-devtools-v96-4.1.0.jar:/Users/kenilfadia/.m2/repository/org/seleniumhq/selenium/selenium-edge-driver/4.1.0/selenium-edge-driver-4.1.0.jar:/Users/kenilfadia/.m2/repository/org/seleniumhq/selenium/selenium-firefox-driver/4.1.0/selenium-firefox-driver-4.1.0.jar:/Users/kenilfadia/.m2/repository/org/seleniumhq/selenium/selenium-firefox-xpi-driver/4.1.0/selenium-firefox-xpi-driver-4.1.0.jar:/Users/kenilfadia/.m2/repository/org/seleniumhq/selenium/selenium-ie-driver/4.1.0/selenium-ie-driver-4.1.0.jar:/Users/kenilfadia/.m2/repository/org/seleniumhq/selenium/selenium-opera-driver/4.1.0/selenium-opera-driver-4.1.0.jar:/Users/kenilfadia/.m2/repository/org/seleniumhq/selenium/selenium-remote-driver/4.1.0/selenium-remote-driver-4.1.0.jar:/Users/kenilfadia/.m2/repository/io/netty/netty-buffer/4.1.69.Final/netty-buffer-4.1.69.Final.jar:/Users/kenilfadia/.m2/repository/io/netty/netty-codec-http/4.1.69.Final/netty-codec-http-4.1.69.Final.jar:/Users/kenilfadia/.m2/repository/io/netty/netty-codec/4.1.69.Final/netty-codec-4.1.69.Final.jar:/Users/kenilfadia/.m2/repository/io/netty/netty-handler/4.1.69.Final/netty-handler-4.1.69.Final.jar:/Users/kenilfadia/.m2/repository/io/netty/netty-common/4.1.69.Final/netty-common-4.1.69.Final.jar:/Users/kenilfadia/.m2/repository/io/netty/netty-transport-native-epoll/4.1.69.Final/netty-transport-native-epoll-4.1.69.Final.jar:/Users/kenilfadia/.m2/repository/io/netty/netty-transport-native-kqueue/4.1.69.Final/netty-transport-native-kqueue-4.1.69.Final.jar:/Users/kenilfadia/.m2/repository/io/netty/netty-transport-native-unix-common/4.1.69.Final/netty-transport-native-unix-common-4.1.69.Final.jar:/Users/kenilfadia/.m2/repository/io/netty/netty-transport/4.1.69.Final/netty-transport-4.1.69.Final.jar:/Users/kenilfadia/.m2/repository/io/netty/netty-resolver/4.1.69.Final/netty-resolver-4.1.69.Final.jar:/Users/kenilfadia/.m2/repository/io/opentelemetry/opentelemetry-api/1.9.0/opentelemetry-api-1.9.0.jar:/Users/kenilfadia/.m2/repository/io/opentelemetry/opentelemetry-context/1.9.0/opentelemetry-context-1.9.0.jar:/Users/kenilfadia/.m2/repository/io/opentelemetry/opentelemetry-exporter-logging/1.9.0/opentelemetry-exporter-logging-1.9.0.jar:/Users/kenilfadia/.m2/repository/io/opentelemetry/opentelemetry-sdk-metrics/1.9.0-alpha/opentelemetry-sdk-metrics-1.9.0-alpha.jar:/Users/kenilfadia/.m2/repository/io/opentelemetry/opentelemetry-sdk-logs/1.9.0-alpha/opentelemetry-sdk-logs-1.9.0-alpha.jar:/Users/kenilfadia/.m2/repository/io/opentelemetry/opentelemetry-sdk-common/1.9.0/opentelemetry-sdk-common-1.9.0.jar:/Users/kenilfadia/.m2/repository/io/opentelemetry/opentelemetry-sdk-extension-autoconfigure-spi/1.9.0/opentelemetry-sdk-extension-autoconfigure-spi-1.9.0.jar:/Users/kenilfadia/.m2/repository/io/opentelemetry/opentelemetry-sdk-extension-autoconfigure/1.9.0-alpha/opentelemetry-sdk-extension-autoconfigure-1.9.0-alpha.jar:/Users/kenilfadia/.m2/repository/io/opentelemetry/opentelemetry-sdk-trace/1.9.0/opentelemetry-sdk-trace-1.9.0.jar:/Users/kenilfadia/.m2/repository/io/opentelemetry/opentelemetry-api-metrics/1.9.0-alpha/opentelemetry-api-metrics-1.9.0-alpha.jar:/Users/kenilfadia/.m2/repository/io/opentelemetry/opentelemetry-sdk/1.9.0/opentelemetry-sdk-1.9.0.jar:/Users/kenilfadia/.m2/repository/io/opentelemetry/opentelemetry-semconv/1.9.0-alpha/opentelemetry-semconv-1.9.0-alpha.jar:/Users/kenilfadia/.m2/repository/io/ous/jtoml/2.0.0/jtoml-2.0.0.jar:/Users/kenilfadia/.m2/repository/net/bytebuddy/byte-buddy/1.12.1/byte-buddy-1.12.1.jar:/Users/kenilfadia/.m2/repository/org/asynchttpclient/async-http-client/2.12.3/async-http-client-2.12.3.jar:/Users/kenilfadia/.m2/repository/org/asynchttpclient/async-http-client-netty-utils/2.12.3/async-http-client-netty-utils-2.12.3.jar:/Users/kenilfadia/.m2/repository/io/netty/netty-codec-socks/4.1.60.Final/netty-codec-socks-4.1.60.Final.jar:/Users/kenilfadia/.m2/repository/io/netty/netty-handler-proxy/4.1.60.Final/netty-handler-proxy-4.1.60.Final.jar:/Users/kenilfadia/.m2/repository/io/netty/netty-transport-native-epoll/4.1.60.Final/netty-transport-native-epoll-4.1.60.Final-linux-x86_64.jar:/Users/kenilfadia/.m2/repository/io/netty/netty-transport-native-kqueue/4.1.60.Final/netty-transport-native-kqueue-4.1.60.Final-osx-x86_64.jar:/Users/kenilfadia/.m2/repository/org/reactivestreams/reactive-streams/1.0.3/reactive-streams-1.0.3.jar:/Users/kenilfadia/.m2/repository/com/typesafe/netty/netty-reactive-streams/2.0.4/netty-reactive-streams-2.0.4.jar:/Users/kenilfadia/.m2/repository/com/sun/activation/jakarta.activation/1.2.2/jakarta.activation-1.2.2.jar:/Users/kenilfadia/.m2/repository/org/seleniumhq/selenium/selenium-http/4.1.0/selenium-http-4.1.0.jar:/Users/kenilfadia/.m2/repository/net/jodah/failsafe/2.4.4/failsafe-2.4.4.jar:/Users/kenilfadia/.m2/repository/org/seleniumhq/selenium/selenium-safari-driver/4.1.0/selenium-safari-driver-4.1.0.jar:/Users/kenilfadia/.m2/repository/org/seleniumhq/selenium/selenium-support/4.1.0/selenium-support-4.1.0.jar:/Users/kenilfadia/.m2/repository/org/ini4j/ini4j/0.5.4/ini4j-0.5.4.jar:/Users/kenilfadia/.m2/repository/commons-io/commons-io/2.6/commons-io-2.6.jar:/Users/kenilfadia/.m2/repository/org/apache/commons/commons-lang3/3.1/commons-lang3-3.1.jar:/Users/kenilfadia/.m2/repository/com/google/zxing/javase/3.3.0/javase-3.3.0.jar:/Users/kenilfadia/.m2/repository/com/google/zxing/core/3.3.0/core-3.3.0.jar:/Users/kenilfadia/.m2/repository/com/beust/jcommander/1.48/jcommander-1.48.jar:/Users/kenilfadia/.m2/repository/com/github/jai-imageio/jai-imageio-core/1.3.1/jai-imageio-core-1.3.1.jar:/Users/kenilfadia/.m2/repository/de/taimos/totp/1.0/totp-1.0.jar:/Users/kenilfadia/.m2/repository/com/sun/mail/javax.mail/1.6.2/javax.mail-1.6.2.jar:/Users/kenilfadia/.m2/repository/javax/activation/activation/1.1/activation-1.1.jar:/Users/kenilfadia/.m2/repository/org/apache/poi/poi-ooxml/5.2.2/poi-ooxml-5.2.2.jar:/Users/kenilfadia/.m2/repository/org/apache/poi/poi/5.2.2/poi-5.2.2.jar:/Users/kenilfadia/.m2/repository/org/apache/commons/commons-math3/3.6.1/commons-math3-3.6.1.jar:/Users/kenilfadia/.m2/repository/com/zaxxer/SparseBitSet/1.2/SparseBitSet-1.2.jar:/Users/kenilfadia/.m2/repository/org/apache/poi/poi-ooxml-lite/5.2.2/poi-ooxml-lite-5.2.2.jar:/Users/kenilfadia/.m2/repository/org/apache/xmlbeans/xmlbeans/5.0.3/xmlbeans-5.0.3.jar:/Users/kenilfadia/.m2/repository/org/apache/commons/commons-compress/1.21/commons-compress-1.21.jar:/Users/kenilfadia/.m2/repository/com/github/virtuald/curvesapi/1.07/curvesapi-1.07.jar:/Users/kenilfadia/.m2/repository/org/apache/logging/log4j/log4j-api/2.17.2/log4j-api-2.17.2.jar:/Users/kenilfadia/.m2/repository/org/apache/commons/commons-collections4/4.4/commons-collections4-4.4.jar:/Users/kenilfadia/.m2/repository/commons-codec/commons-codec/1.10/commons-codec-1.10.jar:/Users/kenilfadia/.m2/repository/org/assertj/assertj-core/3.19.0/assertj-core-3.19.0.jar:/Users/kenilfadia/.m2/repository/net/sourceforge/jexcelapi/jxl/2.6.12/jxl-2.6.12.jar:/Users/kenilfadia/.m2/repository/log4j/log4j/1.2.14/log4j-1.2.14.jar:/Users/kenilfadia/.m2/repository/org/jsoup/jsoup/1.13.1/jsoup-1.13.1.jar:/Users/kenilfadia/.m2/repository/org/slf4j/slf4j-log4j12/1.7.26/slf4j-log4j12-1.7.26.jar:/Users/kenilfadia/.m2/repository/org/slf4j/slf4j-api/1.7.26/slf4j-api-1.7.26.jar:/Users/kenilfadia/.m2/repository/io/github/bonigarcia/webdrivermanager/5.0.3/webdrivermanager-5.0.3.jar:/Users/kenilfadia/.m2/repository/com/google/code/gson/gson/2.8.8/gson-2.8.8.jar:/Users/kenilfadia/.m2/repository/com/github/docker-java/docker-java/3.2.12/docker-java-3.2.12.jar:/Users/kenilfadia/.m2/repository/com/github/docker-java/docker-java-core/3.2.12/docker-java-core-3.2.12.jar:/Users/kenilfadia/.m2/repository/com/github/docker-java/docker-java-api/3.2.12/docker-java-api-3.2.12.jar:/Users/kenilfadia/.m2/repository/commons-lang/commons-lang/2.6/commons-lang-2.6.jar:/Users/kenilfadia/.m2/repository/org/bouncycastle/bcpkix-jdk15on/1.64/bcpkix-jdk15on-1.64.jar:/Users/kenilfadia/.m2/repository/org/bouncycastle/bcprov-jdk15on/1.64/bcprov-jdk15on-1.64.jar:/Users/kenilfadia/.m2/repository/org/slf4j/jcl-over-slf4j/1.7.30/jcl-over-slf4j-1.7.30.jar:/Users/kenilfadia/.m2/repository/com/github/docker-java/docker-java-transport-httpclient5/3.2.12/docker-java-transport-httpclient5-3.2.12.jar:/Users/kenilfadia/.m2/repository/com/github/docker-java/docker-java-transport/3.2.12/docker-java-transport-3.2.12.jar:/Users/kenilfadia/.m2/repository/org/apache/httpcomponents/client5/httpclient5/5.0.3/httpclient5-5.0.3.jar:/Users/kenilfadia/.m2/repository/org/apache/httpcomponents/core5/httpcore5/5.0.2/httpcore5-5.0.2.jar:/Users/kenilfadia/.m2/repository/net/java/dev/jna/jna/5.8.0/jna-5.8.0.jar:/Users/kenilfadia/.m2/repository/com/google/guava/guava/30.1.1-jre/guava-30.1.1-jre.jar:/Users/kenilfadia/.m2/repository/com/google/guava/failureaccess/1.0.1/failureaccess-1.0.1.jar:/Users/kenilfadia/.m2/repository/com/google/guava/listenablefuture/9999.0-empty-to-avoid-conflict-with-guava/listenablefuture-9999.0-empty-to-avoid-conflict-with-guava.jar:/Users/kenilfadia/.m2/repository/org/checkerframework/checker-qual/3.8.0/checker-qual-3.8.0.jar:/Users/kenilfadia/.m2/repository/com/google/errorprone/error_prone_annotations/2.5.1/error_prone_annotations-2.5.1.jar:/Users/kenilfadia/.m2/repository/com/google/j2objc/j2objc-annotations/1.3/j2objc-annotations-1.3.jar:/Users/kenilfadia/.m2/repository/org/brotli/dec/0.1.2/dec-0.1.2.jar:/Users/kenilfadia/.m2/repository/org/projectlombok/lombok/1.18.22/lombok-1.18.22.jar:/Users/kenilfadia/.m2/repository/org/testng/testng/7.5/testng-7.5.jar:/Users/kenilfadia/.m2/repository/com/google/code/findbugs/jsr305/3.0.1/jsr305-3.0.1.jar:/Users/kenilfadia/.m2/repository/org/webjars/jquery/3.5.1/jquery-3.5.1.jar:/Users/kenilfadia/.m2/repository/org/freemarker/freemarker/2.3.31/freemarker-2.3.31.jar:/Users/kenilfadia/.m2/repository/io/rest-assured/rest-assured/4.0.0/rest-assured-4.0.0.jar:/Users/kenilfadia/.m2/repository/org/codehaus/groovy/groovy/2.5.6/groovy-2.5.6.jar:/Users/kenilfadia/.m2/repository/org/codehaus/groovy/groovy-xml/2.5.6/groovy-xml-2.5.6.jar:/Users/kenilfadia/.m2/repository/org/apache/httpcomponents/httpclient/4.5.3/httpclient-4.5.3.jar:/Users/kenilfadia/.m2/repository/org/apache/httpcomponents/httpcore/4.4.6/httpcore-4.4.6.jar:/Users/kenilfadia/.m2/repository/org/apache/httpcomponents/httpmime/4.5.3/httpmime-4.5.3.jar:/Users/kenilfadia/.m2/repository/org/hamcrest/hamcrest-core/2.1/hamcrest-core-2.1.jar:/Users/kenilfadia/.m2/repository/org/hamcrest/hamcrest/2.1/hamcrest-2.1.jar:/Users/kenilfadia/.m2/repository/org/hamcrest/hamcrest-library/2.1/hamcrest-library-2.1.jar:/Users/kenilfadia/.m2/repository/org/ccil/cowan/tagsoup/tagsoup/1.2.1/tagsoup-1.2.1.jar:/Users/kenilfadia/.m2/repository/io/rest-assured/xml-path/4.0.0/xml-path-4.0.0.jar:/Users/kenilfadia/.m2/repository/javax/xml/bind/jaxb-api/2.2.12/jaxb-api-2.2.12.jar:/Users/kenilfadia/.m2/repository/com/sun/xml/bind/jaxb-osgi/2.2.10/jaxb-osgi-2.2.10.jar:/Users/kenilfadia/.m2/repository/org/apache/sling/org.apache.sling.javax.activation/0.1.0/org.apache.sling.javax.activation-0.1.0.jar:/Users/kenilfadia/.m2/repository/io/rest-assured/json-schema-validator/4.0.0/json-schema-validator-4.0.0.jar:/Users/kenilfadia/.m2/repository/com/github/java-json-tools/json-schema-validator/2.2.10/json-schema-validator-2.2.10.jar:/Users/kenilfadia/.m2/repository/com/github/java-json-tools/json-schema-core/1.2.10/json-schema-core-1.2.10.jar:/Users/kenilfadia/.m2/repository/com/github/java-json-tools/jackson-coreutils/1.9/jackson-coreutils-1.9.jar:/Users/kenilfadia/.m2/repository/com/github/fge/msg-simple/1.1/msg-simple-1.1.jar:/Users/kenilfadia/.m2/repository/com/github/fge/btf/1.2/btf-1.2.jar:/Users/kenilfadia/.m2/repository/com/github/fge/uri-template/0.9/uri-template-0.9.jar:/Users/kenilfadia/.m2/repository/org/mozilla/rhino/1.7.7.1/rhino-1.7.7.1.jar:/Users/kenilfadia/.m2/repository/javax/mail/mailapi/1.4.3/mailapi-1.4.3.jar:/Users/kenilfadia/.m2/repository/joda-time/joda-time/2.9.7/joda-time-2.9.7.jar:/Users/kenilfadia/.m2/repository/com/googlecode/libphonenumber/libphonenumber/8.0.0/libphonenumber-8.0.0.jar:/Users/kenilfadia/.m2/repository/net/sf/jopt-simple/jopt-simple/5.0.3/jopt-simple-5.0.3.jar:/Users/kenilfadia/.m2/repository/com/typesafe/config/1.4.2/config-1.4.2.jar:/Users/kenilfadia/.m2/repository/ru/yandex/qatools/ashot/ashot/1.5.4/ashot-1.5.4.jar:/Users/kenilfadia/.m2/repository/io/rest-assured/json-path/4.0.0/json-path-4.0.0.jar:/Users/kenilfadia/.m2/repository/org/codehaus/groovy/groovy-json/2.5.6/groovy-json-2.5.6.jar:/Users/kenilfadia/.m2/repository/io/rest-assured/rest-assured-common/4.0.0/rest-assured-common-4.0.0.jar:/Users/kenilfadia/.m2/repository/io/qameta/allure/allure-rest-assured/2.17.3/allure-rest-assured-2.17.3.jar:/Users/kenilfadia/.m2/repository/io/qameta/allure/allure-attachments/2.17.3/allure-attachments-2.17.3.jar:/Users/kenilfadia/.m2/repository/io/qameta/allure/allure-testng/2.17.3/allure-testng-2.17.3.jar:/Users/kenilfadia/.m2/repository/io/qameta/allure/allure-java-commons/2.17.3/allure-java-commons-2.17.3.jar:/Users/kenilfadia/.m2/repository/io/qameta/allure/allure-model/2.17.3/allure-model-2.17.3.jar:/Users/kenilfadia/.m2/repository/io/qameta/allure/allure-test-filter/2.17.3/allure-test-filter-2.17.3.jar:/Users/kenilfadia/.m2/repository/io/qameta/allure/allure-maven/2.11.2/allure-maven-2.11.2.jar:/Users/kenilfadia/.m2/repository/com/fasterxml/jackson/core/jackson-databind/2.13.0/jackson-databind-2.13.0.jar:/Users/kenilfadia/.m2/repository/com/fasterxml/jackson/core/jackson-annotations/2.13.0/jackson-annotations-2.13.0.jar:/Users/kenilfadia/.m2/repository/com/fasterxml/jackson/core/jackson-core/2.13.0/jackson-core-2.13.0.jar:/Users/kenilfadia/.m2/repository/org/apache/maven/maven-plugin-api/3.8.3/maven-plugin-api-3.8.3.jar:/Users/kenilfadia/.m2/repository/org/codehaus/plexus/plexus-utils/3.3.0/plexus-utils-3.3.0.jar:/Users/kenilfadia/.m2/repository/org/codehaus/plexus/plexus-classworlds/2.6.0/plexus-classworlds-2.6.0.jar:/Users/kenilfadia/.m2/repository/org/apache/maven/maven-core/3.8.3/maven-core-3.8.3.jar:/Users/kenilfadia/.m2/repository/org/apache/maven/maven-model/3.8.3/maven-model-3.8.3.jar:/Users/kenilfadia/.m2/repository/org/apache/maven/maven-settings/3.8.3/maven-settings-3.8.3.jar:/Users/kenilfadia/.m2/repository/org/apache/maven/maven-settings-builder/3.8.3/maven-settings-builder-3.8.3.jar:/Users/kenilfadia/.m2/repository/org/codehaus/plexus/plexus-sec-dispatcher/2.0/plexus-sec-dispatcher-2.0.jar:/Users/kenilfadia/.m2/repository/org/codehaus/plexus/plexus-cipher/2.0/plexus-cipher-2.0.jar:/Users/kenilfadia/.m2/repository/org/apache/maven/maven-builder-support/3.8.3/maven-builder-support-3.8.3.jar:/Users/kenilfadia/.m2/repository/org/apache/maven/maven-repository-metadata/3.8.3/maven-repository-metadata-3.8.3.jar:/Users/kenilfadia/.m2/repository/org/apache/maven/maven-artifact/3.8.3/maven-artifact-3.8.3.jar:/Users/kenilfadia/.m2/repository/org/apache/maven/maven-model-builder/3.8.3/maven-model-builder-3.8.3.jar:/Users/kenilfadia/.m2/repository/org/apache/maven/maven-resolver-provider/3.8.3/maven-resolver-provider-3.8.3.jar:/Users/kenilfadia/.m2/repository/org/apache/maven/resolver/maven-resolver-impl/1.6.3/maven-resolver-impl-1.6.3.jar:/Users/kenilfadia/.m2/repository/org/apache/maven/resolver/maven-resolver-api/1.6.3/maven-resolver-api-1.6.3.jar:/Users/kenilfadia/.m2/repository/org/apache/maven/resolver/maven-resolver-spi/1.6.3/maven-resolver-spi-1.6.3.jar:/Users/kenilfadia/.m2/repository/org/apache/maven/resolver/maven-resolver-util/1.6.3/maven-resolver-util-1.6.3.jar:/Users/kenilfadia/.m2/repository/org/apache/maven/shared/maven-shared-utils/3.3.4/maven-shared-utils-3.3.4.jar:/Users/kenilfadia/.m2/repository/org/eclipse/sisu/org.eclipse.sisu.plexus/0.3.5/org.eclipse.sisu.plexus-0.3.5.jar:/Users/kenilfadia/.m2/repository/javax/annotation/javax.annotation-api/1.2/javax.annotation-api-1.2.jar:/Users/kenilfadia/.m2/repository/org/eclipse/sisu/org.eclipse.sisu.inject/0.3.5/org.eclipse.sisu.inject-0.3.5.jar:/Users/kenilfadia/.m2/repository/com/google/inject/guice/4.2.2/guice-4.2.2-no_aop.jar:/Users/kenilfadia/.m2/repository/aopalliance/aopalliance/1.0/aopalliance-1.0.jar:/Users/kenilfadia/.m2/repository/javax/inject/javax.inject/1/javax.inject-1.jar:/Users/kenilfadia/.m2/repository/org/codehaus/plexus/plexus-interpolation/1.26/plexus-interpolation-1.26.jar:/Users/kenilfadia/.m2/repository/org/codehaus/plexus/plexus-component-annotations/2.1.0/plexus-component-annotations-2.1.0.jar:/Users/kenilfadia/.m2/repository/org/apache/maven/reporting/maven-reporting-impl/3.0.0/maven-reporting-impl-3.0.0.jar:/Users/kenilfadia/.m2/repository/org/apache/maven/reporting/maven-reporting-api/3.0/maven-reporting-api-3.0.jar:/Users/kenilfadia/.m2/repository/org/apache/maven/doxia/doxia-sink-api/1.7/doxia-sink-api-1.7.jar:/Users/kenilfadia/.m2/repository/org/apache/maven/doxia/doxia-logging-api/1.7/doxia-logging-api-1.7.jar:/Users/kenilfadia/.m2/repository/org/apache/maven/doxia/doxia-decoration-model/1.7.4/doxia-decoration-model-1.7.4.jar:/Users/kenilfadia/.m2/repository/org/apache/maven/doxia/doxia-core/1.7/doxia-core-1.7.jar:/Users/kenilfadia/.m2/repository/org/codehaus/plexus/plexus-container-default/1.0-alpha-30/plexus-container-default-1.0-alpha-30.jar:/Users/kenilfadia/.m2/repository/xmlunit/xmlunit/1.5/xmlunit-1.5.jar:/Users/kenilfadia/.m2/repository/org/apache/maven/doxia/doxia-site-renderer/1.7.4/doxia-site-renderer-1.7.4.jar:/Users/kenilfadia/.m2/repository/org/apache/maven/doxia/doxia-skin-model/1.7.4/doxia-skin-model-1.7.4.jar:/Users/kenilfadia/.m2/repository/org/apache/maven/doxia/doxia-module-xhtml/1.7/doxia-module-xhtml-1.7.jar:/Users/kenilfadia/.m2/repository/org/codehaus/plexus/plexus-i18n/1.0-beta-7/plexus-i18n-1.0-beta-7.jar:/Users/kenilfadia/.m2/repository/org/codehaus/plexus/plexus-velocity/1.2/plexus-velocity-1.2.jar:/Users/kenilfadia/.m2/repository/org/apache/velocity/velocity/1.7/velocity-1.7.jar:/Users/kenilfadia/.m2/repository/org/apache/velocity/velocity-tools/2.0/velocity-tools-2.0.jar:/Users/kenilfadia/.m2/repository/commons-digester/commons-digester/1.8/commons-digester-1.8.jar:/Users/kenilfadia/.m2/repository/commons-chain/commons-chain/1.1/commons-chain-1.1.jar:/Users/kenilfadia/.m2/repository/commons-validator/commons-validator/1.3.1/commons-validator-1.3.1.jar:/Users/kenilfadia/.m2/repository/dom4j/dom4j/1.1/dom4j-1.1.jar:/Users/kenilfadia/.m2/repository/oro/oro/2.0.8/oro-2.0.8.jar:/Users/kenilfadia/.m2/repository/sslext/sslext/1.2-0/sslext-1.2-0.jar:/Users/kenilfadia/.m2/repository/org/apache/struts/struts-core/1.3.8/struts-core-1.3.8.jar:/Users/kenilfadia/.m2/repository/antlr/antlr/2.7.2/antlr-2.7.2.jar:/Users/kenilfadia/.m2/repository/org/apache/struts/struts-taglib/1.3.8/struts-taglib-1.3.8.jar:/Users/kenilfadia/.m2/repository/org/apache/struts/struts-tiles/1.3.8/struts-tiles-1.3.8.jar:/Users/kenilfadia/.m2/repository/org/apache/maven/shared/maven-artifact-transfer/0.13.1/maven-artifact-transfer-0.13.1.jar:/Users/kenilfadia/.m2/repository/org/apache/maven/shared/maven-common-artifact-filters/3.1.0/maven-common-artifact-filters-3.1.0.jar:/Users/kenilfadia/.m2/repository/org/sonatype/sisu/sisu-inject-plexus/1.4.2/sisu-inject-plexus-1.4.2.jar:/Users/kenilfadia/.m2/repository/org/sonatype/sisu/sisu-inject-bean/1.4.2/sisu-inject-bean-1.4.2.jar:/Users/kenilfadia/.m2/repository/org/sonatype/sisu/sisu-guice/2.1.7/sisu-guice-2.1.7-noaop.jar:/Users/kenilfadia/.m2/repository/commons-beanutils/commons-beanutils/1.9.4/commons-beanutils-1.9.4.jar:/Users/kenilfadia/.m2/repository/commons-collections/commons-collections/3.2.2/commons-collections-3.2.2.jar:/Users/kenilfadia/.m2/repository/net/lingala/zip4j/zip4j/1.3.2/zip4j-1.3.2.jar:/Users/kenilfadia/.m2/repository/org/apache/commons/commons-exec/1.3/commons-exec-1.3.jar:/Users/kenilfadia/.m2/repository/org/apache/maven/plugin-tools/maven-plugin-annotations/3.6.1/maven-plugin-annotations-3.6.1.jar:/Users/kenilfadia/.m2/repository/org/apache/maven/plugins/maven-jxr-plugin/3.1.1/maven-jxr-plugin-3.1.1.jar:/Users/kenilfadia/.m2/repository/org/apache/maven/maven-jxr/3.1.1/maven-jxr-3.1.1.jar:/Users/kenilfadia/.m2/repository/org/apache/velocity/velocity-engine-core/2.0/velocity-engine-core-2.0.jar:/Users/kenilfadia/.m2/repository/org/apache/maven/wagon/wagon-provider-api/2.4/wagon-provider-api-2.4.jar:/Users/kenilfadia/.m2/repository/org/codehaus/plexus/plexus-java/1.0.6/plexus-java-1.0.6.jar:/Users/kenilfadia/.m2/repository/org/ow2/asm/asm/9.0/asm-9.0.jar:/Users/kenilfadia/.m2/repository/com/thoughtworks/qdox/qdox/2.0.0/qdox-2.0.0.jar:"/>
    <property name="sun.cpu.endian" value="little"/>
    <property name="user.home" value="/Users/kenilfadia"/>
    <property name="user.language" value="en"/>
    <property name="java.specification.vendor" value="Oracle Corporation"/>
    <property name="java.version.date" value="2022-04-19"/>
    <property name="java.home" value="/Library/Java/JavaVirtualMachines/temurin-11.jdk/Contents/Home"/>
    <property name="file.separator" value="/"/>
    <property name="basedir" value="/Users/kenilfadia/Git/amazon-assignment"/>
    <property name="java.vm.compressedOopsMode" value="Zero based"/>
    <property name="line.separator" value="&#10;"/>
    <property name="java.specification.name" value="Java Platform API Specification"/>
    <property name="java.vm.specification.vendor" value="Oracle Corporation"/>
    <property name="java.awt.graphicsenv" value="sun.awt.CGraphicsEnvironment"/>
    <property name="surefire.real.class.path" value="/Users/kenilfadia/Git/amazon-assignment/target/surefire/surefirebooter1117863116552084157.jar"/>
    <property name="sun.management.compiler" value="HotSpot 64-Bit Tiered Compilers"/>
    <property name="ftp.nonProxyHosts" value="local|*.local|169.254/16|*.169.254/16"/>
    <property name="java.runtime.version" value="11.0.15+10"/>
    <property name="user.name" value="kenilfadia"/>
    <property name="path.separator" value=":"/>
    <property name="os.version" value="12.3"/>
    <property name="java.runtime.name" value="OpenJDK Runtime Environment"/>
    <property name="file.encoding" value="UTF-8"/>
    <property name="sun.nio.ch.bugLevel" value=""/>
    <property name="java.vm.name" value="OpenJDK 64-Bit Server VM"/>
    <property name="java.vendor.version" value="Temurin-11.0.15+10"/>
    <property name="localRepository" value="/Users/kenilfadia/.m2/repository"/>
    <property name="java.vendor.url.bug" value="https://github.com/adoptium/adoptium-support/issues"/>
    <property name="java.io.tmpdir" value="/var/folders/zj/mqrtsgm957b579qfl902bhth0000gn/T/"/>
    <property name="java.version" value="11.0.15"/>
    <property name="user.dir" value="/Users/kenilfadia/Git/amazon-assignment"/>
    <property name="os.arch" value="x86_64"/>
    <property name="java.vm.specification.name" value="Java Virtual Machine Specification"/>
    <property name="java.awt.printerjob" value="sun.lwawt.macosx.CPrinterJob"/>
    <property name="env" value="prod"/>
    <property name="sun.os.patch.level" value="unknown"/>
    <property name="java.library.path" value="/Users/kenilfadia/Library/Java/Extensions:/Library/Java/Extensions:/Network/Library/Java/Extensions:/System/Library/Java/Extensions:/usr/lib/java:."/>
    <property name="java.vm.info" value="mixed mode"/>
    <property name="java.vendor" value="Eclipse Adoptium"/>
    <property name="java.vm.version" value="11.0.15+10"/>
    <property name="sun.io.unicode.encoding" value="UnicodeBig"/>
    <property name="java.class.version" value="55.0"/>
    <property name="socksNonProxyHosts" value="local|*.local|169.254/16|*.169.254/16"/>
  </properties>
  <testcase name="completeAssignment" classname="com.amazon.scripts.Assignment" time="35.301">
    <failure message="class java.lang.String cannot be cast to class org.openqa.selenium.By (java.lang.String is in module java.base of loader &apos;bootstrap&apos;; org.openqa.selenium.By is in unnamed module of loader &apos;app&apos;)" type="java.lang.ClassCastException"><![CDATA[java.lang.ClassCastException: class java.lang.String cannot be cast to class org.openqa.selenium.By (java.lang.String is in module java.base of loader 'bootstrap'; org.openqa.selenium.By is in unnamed module of loader 'app')
	at com.amazon.scripts.Assignment.completeAssignment(Assignment.java:41)
]]></failure>
    <system-err><![CDATA[log4j:WARN No appenders could be found for logger (org.testng.TestNG).
log4j:WARN Please initialize the log4j system properly.
Starting ChromeDriver 101.0.4951.41 (93c720db8323b3ec10d056025ab95c23a31997c9-refs/branch-heads/4951@{#904}) on port 56555
Only local connections are allowed.
Please see https://chromedriver.chromium.org/security-considerations for suggestions on keeping ChromeDriver safe.
ChromeDriver was started successfully.
May 23, 2022 8:38:52 PM org.openqa.selenium.remote.ProtocolHandshake createSession
INFO: Detected dialect: W3C
May 23, 2022 8:38:52 PM org.openqa.selenium.devtools.CdpVersionFinder findNearestMatch
WARNING: Unable to find an exact match for CDP version 101, so returning the closest version found: a no-op implementation
May 23, 2022 8:38:52 PM org.openqa.selenium.devtools.CdpVersionFinder findNearestMatch
INFO: Unable to find CDP implementation matching 101.
May 23, 2022 8:38:52 PM org.openqa.selenium.chromium.ChromiumDriver lambda$new$3
WARNING: Unable to find version of CDP to use for . You may need to include a dependency on a specific version of the CDP using something similar to `org.seleniumhq.selenium:selenium-devtools-v86:4.1.0` where the version ("v86") matches the version of the chromium-based browser you're using and the version number of the artifact is the same as Selenium's.
]]></system-err>
  </testcase>
</testsuite>